{"numTotalTestSuites":4,"numPassedTestSuites":4,"numFailedTestSuites":0,"numPendingTestSuites":0,"numTotalTests":14,"numPassedTests":14,"numFailedTests":0,"numPendingTests":0,"numTodoTests":0,"snapshot":{"added":0,"failure":false,"filesAdded":0,"filesRemoved":0,"filesRemovedList":[],"filesUnmatched":0,"filesUpdated":0,"matched":0,"total":0,"unchecked":0,"uncheckedKeysByFile":[],"unmatched":0,"updated":0,"didUpdate":false},"startTime":1781366001831,"success":true,"testResults":[{"assertionResults":[{"ancestorTitles":["API模块"],"fullName":"API模块 getModules - 获取模块列表","status":"passed","title":"getModules - 获取模块列表","duration":2.885558000000003,"failureMessages":[],"meta":{},"tags":[]},{"ancestorTitles":["API模块"],"fullName":"API模块 getModuleParams - 获取模块参数","status":"passed","title":"getModuleParams - 获取模块参数","duration":0.341321999999991,"failureMessages":[],"meta":{},"tags":[]},{"ancestorTitles":["API模块"],"fullName":"API模块 createExperiment - 创建试验","status":"passed","title":"createExperiment - 创建试验","duration":0.4377010000000041,"failureMessages":[],"meta":{},"tags":[]},{"ancestorTitles":["API模块"],"fullName":"API模块 getExperiments - 获取试验列表","status":"passed","title":"getExperiments - 获取试验列表","duration":0.4052790000000073,"failureMessages":[],"meta":{},"tags":[]}],"startTime":1781366002960,"endTime":1781366002964.4053,"status":"passed","message":"","name":"/workspace/web_exp1/frontend/src/tests/api.test.ts"},{"assertionResults":[{"ancestorTitles":["ExperimentStore"],"fullName":"ExperimentStore 初始状态正确","status":"passed","title":"初始状态正确","duration":4.2195549999999,"failureMessages":[],"meta":{},"tags":[]},{"ancestorTitles":["ExperimentStore"],"fullName":"ExperimentStore 添加参数","status":"passed","title":"添加参数","duration":0.8554970000000139,"failureMessages":[],"meta":{},"tags":[]},{"ancestorTitles":["ExperimentStore"],"fullName":"ExperimentStore 不重复添加参数","status":"passed","title":"不重复添加参数","duration":0.5337479999999459,"failureMessages":[],"meta":{},"tags":[]},{"ancestorTitles":["ExperimentStore"],"fullName":"ExperimentStore 移除参数","status":"passed","title":"移除参数","duration":0.5333389999999554,"failureMessages":[],"meta":{},"tags":[]},{"ancestorTitles":["ExperimentStore"],"fullName":"ExperimentStore 设置参数取值","status":"passed","title":"设置参数取值","duration":0.5948500000000649,"failureMessages":[],"meta":{},"tags":[]},{"ancestorTitles":["ExperimentStore"],"fullName":"ExperimentStore 移除参数时同时移除取值","status":"passed","title":"移除参数时同时移除取值","duration":0.4637400000000298,"failureMessages":[],"meta":{},"tags":[]},{"ancestorTitles":["ExperimentStore"],"fullName":"ExperimentStore 添加约束","status":"passed","title":"添加约束","duration":0.335666999999944,"failureMessages":[],"meta":{},"tags":[]},{"ancestorTitles":["ExperimentStore"],"fullName":"ExperimentStore 移除约束","status":"passed","title":"移除约束","duration":0.383220999999935,"failureMessages":[],"meta":{},"tags":[]},{"ancestorTitles":["ExperimentStore"],"fullName":"ExperimentStore 重置状态","status":"passed","title":"重置状态","duration":0.4883079999999609,"failureMessages":[],"meta":{},"tags":[]},{"ancestorTitles":["ExperimentStore"],"fullName":"ExperimentStore paramKeys计算属性","status":"passed","title":"paramKeys计算属性","duration":0.7461220000000139,"failureMessages":[],"meta":{},"tags":[]}],"startTime":1781366002424,"endTime":1781366002433.746,"status":"passed","message":"","name":"/workspace/web_exp1/frontend/src/tests/store.test.ts"}]}